<?xml version="1.0" encoding="UTF-8"?>
<coverage generated="1514352878">
  <project timestamp="1514352878">
    <file name="/home/maso/git/pluf/cache/src/Cache/HTTP/Response/NotModified.php">
      <class name="Cache_HTTP_Response_NotModified" namespace="global" fullPackage="Cache.HTTP.Response">
        <metrics complexity="1" methods="1" coveredmethods="1" conditionals="0" coveredconditionals="0" statements="3" coveredstatements="3" elements="4" coveredelements="4"/>
      </class>
      <line num="26" type="method" name="__construct" complexity="1" crap="1" count="1"/>
      <line num="28" type="stmt" count="1"/>
      <line num="29" type="stmt" count="1"/>
      <line num="30" type="stmt" count="1"/>
      <metrics loc="30" ncloc="9" classes="1" methods="1" coveredmethods="1" conditionals="0" coveredconditionals="0" statements="3" coveredstatements="3" elements="4" coveredelements="4"/>
    </file>
    <file name="/home/maso/git/pluf/cache/src/Cache/Middleware/RFC7234.php">
      <class name="Cache_Middleware_RFC7234" namespace="global" fullPackage="Cache.Middleware">
        <metrics complexity="22" methods="2" coveredmethods="1" conditionals="0" coveredconditionals="0" statements="28" coveredstatements="27" elements="30" coveredelements="28"/>
      </class>
      <line num="46" type="method" name="process_response" visibility="public" complexity="21" crap="21" count="7"/>
      <line num="48" type="stmt" count="7"/>
      <line num="49" type="stmt" count="7"/>
      <line num="50" type="stmt" count="7"/>
      <line num="51" type="stmt" count="7"/>
      <line num="52" type="stmt" count="7"/>
      <line num="53" type="stmt" count="7"/>
      <line num="56" type="stmt" count="7"/>
      <line num="57" type="stmt" count="2"/>
      <line num="58" type="stmt" count="2"/>
      <line num="61" type="stmt" count="5"/>
      <line num="62" type="stmt" count="1"/>
      <line num="65" type="stmt" count="5"/>
      <line num="66" type="stmt" count="2"/>
      <line num="68" type="stmt" count="3"/>
      <line num="71" type="stmt" count="5"/>
      <line num="73" type="stmt" count="5"/>
      <line num="74" type="stmt" count="5"/>
      <line num="77" type="stmt" count="5"/>
      <line num="78" type="stmt" count="1"/>
      <line num="79" type="stmt" count="1"/>
      <line num="81" type="stmt" count="1"/>
      <line num="84" type="stmt" count="1"/>
      <line num="85" type="stmt" count="1"/>
      <line num="87" type="stmt" count="1"/>
      <line num="88" type="stmt" count="1"/>
      <line num="89" type="stmt" count="1"/>
      <line num="94" type="stmt" count="4"/>
      <line num="102" type="method" name="process_request" visibility="public" complexity="1" crap="2" count="0"/>
      <line num="104" type="stmt" count="0"/>
      <metrics loc="106" ncloc="48" classes="1" methods="2" coveredmethods="1" conditionals="0" coveredconditionals="0" statements="28" coveredstatements="27" elements="30" coveredelements="28"/>
    </file>
    <file name="/home/maso/git/pluf/cache/src/Cache/relations.php">
      <line num="19" type="stmt" count="0"/>
      <metrics loc="18" ncloc="1" classes="0" methods="0" coveredmethods="0" conditionals="0" coveredconditionals="0" statements="0" coveredstatements="0" elements="0" coveredelements="0"/>
    </file>
    <file name="/home/maso/git/pluf/cache/src/Cache/urls.php">
      <line num="19" type="stmt" count="0"/>
      <line num="21" type="stmt" count="0"/>
      <metrics loc="21" ncloc="4" classes="0" methods="0" coveredmethods="0" conditionals="0" coveredconditionals="0" statements="2" coveredstatements="0" elements="2" coveredelements="0"/>
    </file>
    <metrics files="4" loc="175" ncloc="62" classes="2" methods="3" coveredmethods="2" conditionals="0" coveredconditionals="0" statements="33" coveredstatements="30" elements="36" coveredelements="32"/>
  </project>
</coverage>
